<?xml version="1.0" encoding="UTF-8"?>
<!-- Generated by org.testng.reporters.JUnitReportReporter -->
<testsuite skipped="0" hostname="LAPTOP-T4CG65BL" name="ExcelReading.ExcelReading" tests="8" failures="0" timestamp="2022-01-21T11:38:31 IST" time="0.937" errors="0">
  <testcase name="getSheetName" time="0.660" classname="ExcelReading.ExcelReading"/>
  <system-out/>
  <testcase name="createNewExcelFile" time="0.008" classname="ExcelReading.ExcelReading"/>
  <system-out/>
  <testcase name="getRowOperation" time="0.044" classname="ExcelReading.ExcelReading"/>
  <system-out/>
  <testcase name="getCellOperation" time="0.066" classname="ExcelReading.ExcelReading"/>
  <system-out/>
  <testcase name="getDifferentCellValues" time="0.049" classname="ExcelReading.ExcelReading"/>
  <system-out/>
  <testcase name="getDifferentCellValues_2" time="0.039" classname="ExcelReading.ExcelReading"/>
  <system-out/>
  <testcase name="getEachRowFirstCellValue" time="0.033" classname="ExcelReading.ExcelReading"/>
  <system-out/>
  <testcase name="getEachRowAllCellValue" time="0.038" classname="ExcelReading.ExcelReading"/>
  <system-out/>
</testsuite> <!-- ExcelReading.ExcelReading -->
