<?xml version="1.0" encoding="UTF-8"?>
<!-- Generated by org.testng.reporters.JUnitReportReporter -->
<testsuite skipped="0" hostname="LAPTOP-T4CG65BL" name="switching.Draggable" tests="1" failures="0" timestamp="2022-01-17T23:50:41 IST" time="9.883" errors="0">
  <testcase name="select" time="9.883" classname="switching.Draggable"/>
  <system-out/>
</testsuite> <!-- switching.Draggable -->
