<?xml version="1.0" encoding="UTF-8"?>
<!-- Generated by org.testng.reporters.JUnitReportReporter -->
<testsuite skipped="0" hostname="LAPTOP-T4CG65BL" name="ExcelReading.GoogleScreenShot" tests="1" failures="0" timestamp="2022-01-23T09:36:06 IST" time="10.265" errors="0">
  <testcase name="takeScreenshotForGoogle" time="10.265" classname="ExcelReading.GoogleScreenShot"/>
  <system-out/>
</testsuite> <!-- ExcelReading.GoogleScreenShot -->
