<?xml version="1.0" encoding="UTF-8"?>
<!-- Generated by org.testng.reporters.JUnitReportReporter -->
<testsuite skipped="0" hostname="LAPTOP-T4CG65BL" name="SolvedAssignments.ActitimeTaskWithFunction" tests="2" failures="0" timestamp="2022-01-21T10:13:15 IST" time="49.705" errors="0">
  <testcase name="createTaskAndVerify" time="42.871" classname="SolvedAssignments.ActitimeTaskWithFunction"/>
  <system-out/>
  <testcase name="deleteTaskAndVerify" time="6.834" classname="SolvedAssignments.ActitimeTaskWithFunction"/>
  <system-out/>
</testsuite> <!-- SolvedAssignments.ActitimeTaskWithFunction -->
