<?xml version="1.0" encoding="UTF-8"?>
<!-- Generated by org.testng.reporters.JUnitReportReporter -->
<testsuite skipped="0" hostname="LAPTOP-T4CG65BL" name="ExcelReading.TestDate" tests="1" failures="0" timestamp="2022-01-23T10:31:53 IST" time="0.032" errors="0">
  <testcase name="testDate" time="0.032" classname="ExcelReading.TestDate"/>
  <system-out/>
</testsuite> <!-- ExcelReading.TestDate -->
