<?xml version="1.0" encoding="UTF-8"?>
<!-- Generated by org.testng.reporters.JUnitReportReporter -->
<testsuite skipped="0" hostname="LAPTOP-T4CG65BL" name="switching.sortable1" tests="1" failures="0" timestamp="2022-01-17T23:00:49 IST" time="14.571" errors="0">
  <testcase name="sort1" time="14.571" classname="switching.sortable1"/>
  <system-out/>
</testsuite> <!-- switching.sortable1 -->
