<?xml version="1.0" encoding="UTF-8"?>
<!-- Generated by org.testng.reporters.JUnitReportReporter -->
<testsuite skipped="0" hostname="LAPTOP-T4CG65BL" name="TestNGBeforeAfter.GroupExamples" tests="6" failures="0" timestamp="2022-01-13T11:36:51 IST" time="0.018" errors="0">
  <testcase name="testCaseFive" time="0.012" classname="TestNGBeforeAfter.GroupExamples"/>
  <system-out/>
  <testcase name="testCaseFour" time="0.002" classname="TestNGBeforeAfter.GroupExamples"/>
  <system-out/>
  <testcase name="testCaseSix" time="0.001" classname="TestNGBeforeAfter.GroupExamples"/>
  <system-out/>
  <testcase name="testCaseTwo" time="0.001" classname="TestNGBeforeAfter.GroupExamples"/>
  <system-out/>
  <testcase name="testCaseOne" time="0.001" classname="TestNGBeforeAfter.GroupExamples"/>
  <system-out/>
  <testcase name="testCaseThree" time="0.001" classname="TestNGBeforeAfter.GroupExamples"/>
  <system-out/>
</testsuite> <!-- TestNGBeforeAfter.GroupExamples -->
