<?xml version="1.0" encoding="UTF-8"?>
<!-- Generated by org.testng.reporters.JUnitReportReporter -->
<testsuite skipped="0" hostname="LAPTOP-T4CG65BL" name="switching.Active1" tests="2" failures="0" timestamp="2022-01-17T13:14:17 IST" time="24.102" errors="0">
  <testcase name="testElements" time="12.580" classname="switching.Active1"/>
  <system-out/>
  <testcase name="testGoogleSearch" time="11.522" classname="switching.Active1"/>
  <system-out/>
</testsuite> <!-- switching.Active1 -->
