<?xml version="1.0" encoding="UTF-8"?>
<!-- Generated by org.testng.reporters.JUnitReportReporter -->
<testsuite skipped="0" hostname="LAPTOP-T4CG65BL" name="SolvedAssignments.Demoblaze" tests="1" failures="0" timestamp="2022-01-14T11:37:20 IST" time="9.892" errors="0">
  <testcase name="openBroserAndLogin" time="9.892" classname="SolvedAssignments.Demoblaze"/>
  <system-out/>
</testsuite> <!-- SolvedAssignments.Demoblaze -->
