<?xml version="1.0" encoding="UTF-8"?>
<!-- Generated by org.testng.reporters.JUnitReportReporter -->
<testsuite skipped="0" hostname="LAPTOP-T4CG65BL" name="TestNG.ActiTimeTask" tests="3" failures="0" timestamp="2022-01-13T22:51:27 IST" time="53.929" errors="0">
  <testcase name="openBrowserAndLogin" time="19.305" classname="TestNG.ActiTimeTask"/>
  <system-out/>
  <testcase name="createAndVerifyTask" time="30.289" classname="TestNG.ActiTimeTask"/>
  <system-out/>
  <testcase name="deleteAndVerifyTask" time="4.335" classname="TestNG.ActiTimeTask"/>
  <system-out/>
</testsuite> <!-- TestNG.ActiTimeTask -->
