<?xml version="1.0" encoding="UTF-8"?>
<!-- Generated by org.testng.reporters.JUnitReportReporter -->
<testsuite skipped="0" hostname="LAPTOP-T4CG65BL" name="switching.sortable" tests="1" failures="0" timestamp="2022-01-18T23:27:05 IST" time="15.949" errors="0">
  <testcase name="testsort" time="15.949" classname="switching.sortable"/>
  <system-out/>
</testsuite> <!-- switching.sortable -->
