<?xml version="1.0" encoding="UTF-8"?>
<!-- Generated by org.testng.reporters.JUnitReportReporter -->
<testsuite skipped="0" hostname="LAPTOP-T4CG65BL" name="switching.Selectable" tests="1" failures="0" timestamp="2022-01-17T23:40:43 IST" time="15.271" errors="0">
  <testcase name="select" time="15.271" classname="switching.Selectable"/>
  <system-out/>
</testsuite> <!-- switching.Selectable -->
