<?xml version="1.0" encoding="UTF-8"?>
<!-- Generated by org.testng.reporters.JUnitReportReporter -->
<testsuite skipped="0" hostname="LAPTOP-T4CG65BL" name="switching.Droppable" tests="1" failures="0" timestamp="2022-01-17T23:54:45 IST" time="10.169" errors="0">
  <testcase name="select" time="10.169" classname="switching.Droppable"/>
  <system-out/>
</testsuite> <!-- switching.Droppable -->
