<?xml version="1.0" encoding="UTF-8"?>
<!-- Generated by org.testng.reporters.JUnitReportReporter -->
<testsuite skipped="0" hostname="LAPTOP-T4CG65BL" name="ExcelReading.GoogleScreenShot2" tests="1" failures="0" timestamp="2022-01-23T09:51:53 IST" time="10.252" errors="0">
  <testcase name="takeScreenShotForGoogle" time="10.252" classname="ExcelReading.GoogleScreenShot2"/>
  <system-out/>
</testsuite> <!-- ExcelReading.GoogleScreenShot2 -->
