<?xml version="1.0" encoding="UTF-8"?>
<!-- Generated by org.testng.reporters.JUnitReportReporter -->
<testsuite skipped="0" hostname="LAPTOP-T4CG65BL" name="switching.HandlingFrames" tests="1" failures="0" timestamp="2022-01-17T15:12:17 IST" time="14.621" errors="0">
  <testcase name="testFrames" time="14.621" classname="switching.HandlingFrames"/>
  <system-out/>
</testsuite> <!-- switching.HandlingFrames -->
