<?xml version="1.0" encoding="UTF-8"?>
<!-- Generated by org.testng.reporters.JUnitReportReporter -->
<testsuite skipped="0" hostname="LAPTOP-T4CG65BL" name="SolvedAssignments.ActitimeTask" tests="2" failures="0" timestamp="2022-01-14T11:27:38 IST" time="62.949" errors="0">
  <testcase name="createTaskAndVerify" time="55.399" classname="SolvedAssignments.ActitimeTask"/>
  <system-out/>
  <testcase name="deleteTaskAndVerify" time="7.550" classname="SolvedAssignments.ActitimeTask"/>
  <system-out/>
</testsuite> <!-- SolvedAssignments.ActitimeTask -->
