<?xml version="1.0" encoding="UTF-8"?>
<!-- Generated by org.testng.reporters.JUnitReportReporter -->
<testsuite skipped="0" hostname="LAPTOP-T4CG65BL" name="TestNG.sample" tests="1" failures="0" timestamp="2022-01-10T19:55:30 IST" time="0.014" errors="0">
  <testcase name="sun" time="0.014" classname="TestNG.sample"/>
  <system-out/>
</testsuite> <!-- TestNG.sample -->
