<?xml version="1.0" encoding="UTF-8"?>
<!-- Generated by org.testng.reporters.JUnitReportReporter -->
<testsuite skipped="0" hostname="LAPTOP-T4CG65BL" name="switching.HandlingFrames1" tests="1" failures="0" timestamp="2022-01-17T15:15:23 IST" time="14.413" errors="0">
  <testcase name="testFrames" time="14.413" classname="switching.HandlingFrames1"/>
  <system-out/>
</testsuite> <!-- switching.HandlingFrames1 -->
