<?xml version="1.0" encoding="UTF-8"?>
<!-- Generated by org.testng.reporters.JUnitReportReporter -->
<testsuite skipped="0" hostname="LAPTOP-T4CG65BL" name="SolvedAssignments.GoogleSearch" tests="3" failures="0" timestamp="2022-01-14T11:41:06 IST" time="53.662" errors="0">
  <testcase name="getAllSuggestions" time="7.612" classname="SolvedAssignments.GoogleSearch"/>
  <system-out/>
  <testcase name="googleSearch" time="11.880" classname="SolvedAssignments.GoogleSearch"/>
  <system-out/>
  <testcase name="selectRequiredSuggestion" time="34.170" classname="SolvedAssignments.GoogleSearch"/>
  <system-out/>
</testsuite> <!-- SolvedAssignments.GoogleSearch -->
