<?xml version="1.0" encoding="UTF-8"?>
<!-- Generated by org.testng.reporters.JUnitReportReporter -->
<testsuite skipped="0" hostname="LAPTOP-T4CG65BL" name="TestNG.ActiTimeLoginWithAssertCondition" tests="2" failures="0" timestamp="2022-01-11T22:19:56 IST" time="30.022" errors="0">
  <testcase name="openBroserAndLogin" time="19.573" classname="TestNG.ActiTimeLoginWithAssertCondition"/>
  <system-out/>
  <testcase name="logoutAndClose" time="10.449" classname="TestNG.ActiTimeLoginWithAssertCondition"/>
  <system-out/>
</testsuite> <!-- TestNG.ActiTimeLoginWithAssertCondition -->
